<?xml version="1.0" encoding="UTF-8"?>
<!-- Generated by org.testng.reporters.JUnitXMLReporter -->
<testsuite ignored="0" hostname="DESKTOP-AKR0VLC" failures="0" tests="5" name="edgetest" time="47.719" errors="0" timestamp="2024-07-06T10:40:59 IST">
  <testcase classname="testbase.Baseclass" name="@AfterClass teardown" time="0.001">
    <failure type="java.lang.NullPointerException" message="Cannot invoke &amp;quot;org.openqa.selenium.WebDriver.quit()&amp;quot; because &amp;quot;this.driver&amp;quot; is null">
      <![CDATA[java.lang.NullPointerException: Cannot invoke "org.openqa.selenium.WebDriver.quit()" because "this.driver" is null
at testbase.Baseclass.teardown(Baseclass.java:61)
at java.base/java.util.ArrayList.forEach(ArrayList.java:1511)
at java.base/java.util.concurrent.FutureTask.run(FutureTask.java:264)
at java.base/java.util.concurrent.ThreadPoolExecutor.runWorker(ThreadPoolExecutor.java:1136)
at java.base/java.util.concurrent.ThreadPoolExecutor$Worker.run(ThreadPoolExecutor.java:635)
at java.base/java.lang.Thread.run(Thread.java:833)
... Removed 16 stack frames]]>
    </failure>
  </testcase> <!-- @AfterClass teardown -->
  <testcase classname="testcases.TC001_Loginpage" name="verify_loginpage" time="0.0">
    <skipped/>
  </testcase> <!-- verify_loginpage -->
  <testcase classname="testcases.TC001_Loginpage" name="verify_loginpage" time="0.0">
    <skipped/>
  </testcase> <!-- verify_loginpage -->
  <testcase classname="testcases.TC001_Loginpage" name="verify_loginpage" time="0.0">
    <skipped/>
  </testcase> <!-- verify_loginpage -->
  <testcase classname="testcases.TC001_Loginpage" name="verify_loginpage" time="0.0">
    <skipped/>
  </testcase> <!-- verify_loginpage -->
  <testcase classname="testcases.TC001_Loginpage" name="verify_loginpage" time="0.0">
    <skipped/>
  </testcase> <!-- verify_loginpage -->
</testsuite> <!-- edgetest -->
