<?xml version="1.0" encoding="UTF-8"?>
<!-- Generated by org.testng.reporters.JUnitXMLReporter -->
<testsuite ignored="0" hostname="DESKTOP-AKR0VLC" failures="1" tests="2" name="Test" time="27.485" errors="0" timestamp="2024-06-21T17:07:35 IST">
  <testcase classname="testcases.TC002_DashboardPage" name="verifyQuotePage" time="0.043">
    <failure type="java.lang.NullPointerException" message="Cannot invoke &amp;quot;org.openqa.selenium.SearchContext.findElement(org.openqa.selenium.By)&amp;quot; because &amp;quot;this.searchContext&amp;quot; is null">
      <![CDATA[java.lang.NullPointerException: Cannot invoke "org.openqa.selenium.SearchContext.findElement(org.openqa.selenium.By)" because "this.searchContext" is null
at org.openqa.selenium.support.pagefactory.DefaultElementLocator.findElement(DefaultElementLocator.java:68)
at org.openqa.selenium.support.pagefactory.internal.LocatingElementHandler.invoke(LocatingElementHandler.java:38)
at jdk.proxy2/jdk.proxy2.$Proxy16.sendKeys(Unknown Source)
at pageobjects.LoginPage.Username(LoginPage.java:36)
at testcases.TC001_Loginpage.verify_loginpage(TC001_Loginpage.java:17)
at testcases.TC002_DashboardPage.verifyQuotePage(TC002_DashboardPage.java:19)
at java.base/java.util.ArrayList.forEach(ArrayList.java:1511)
... Removed 27 stack frames]]>
    </failure>
  </testcase> <!-- verifyQuotePage -->
  <testcase classname="testcases.TC001_Loginpage" name="verify_loginpage" time="0.407"/>
</testsuite> <!-- Test -->
